<?xml version="1.0" encoding="UTF-8"?>
<!-- Generated by org.testng.reporters.JUnitXMLReporter -->
<testsuite hostname="Lenovo-PC" failures="0" tests="1" name="Vaidating Navigation Bar" time="0.186" errors="0" timestamp="20 Oct 2021 11:57:34 GMT">
  <testcase classname="MTAS.ValidateNavigationBar" name="@BeforeTest initialize" time="0.0">
    <failure type="java.lang.NullPointerException" message="Cannot invoke &amp;quot;String.contains(java.lang.CharSequence)&amp;quot; because &amp;quot;browsername&amp;quot; is null">
      <![CDATA[java.lang.NullPointerException: Cannot invoke "String.contains(java.lang.CharSequence)" because "browsername" is null
	at resources.Base.initializeDriver(Base.java:31)
	at MTAS.ValidateNavigationBar.initialize(ValidateNavigationBar.java:26)
	at java.base/java.util.concurrent.FutureTask.run(FutureTask.java:264)
	at java.base/java.util.concurrent.ThreadPoolExecutor.runWorker(ThreadPoolExecutor.java:1130)
	at java.base/java.util.concurrent.ThreadPoolExecutor$Worker.run(ThreadPoolExecutor.java:630)
	at java.base/java.lang.Thread.run(Thread.java:831)
... Removed 14 stack frames]]>
    </failure>
  </testcase> <!-- @BeforeTest initialize -->
  <testcase classname="MTAS.ValidateNavigationBar" name="@AfterTest closeBroser" time="0.0">
    <skipped/>
  </testcase> <!-- @AfterTest closeBroser -->
  <testcase classname="MTAS.ValidateNavigationBar" name="PagenavigationBar" time="0.016">
    <skipped/>
  </testcase> <!-- PagenavigationBar -->
</testsuite> <!-- Vaidating Navigation Bar -->
