<?xml version="1.0" encoding="UTF-8"?>
<!-- Generated by org.testng.reporters.JUnitXMLReporter -->
<testsuite hostname="Lenovo-PC" failures="0" tests="2" name="Vaidating Title in the Homepage" time="0.155" errors="0" timestamp="20 Oct 2021 11:57:34 GMT">
  <testcase classname="MTAS.ValidateTitle" name="@BeforeTest initialize" time="0.0">
    <failure type="java.lang.NullPointerException" message="Cannot invoke &amp;quot;String.contains(java.lang.CharSequence)&amp;quot; because &amp;quot;browsername&amp;quot; is null">
      <![CDATA[java.lang.NullPointerException: Cannot invoke "String.contains(java.lang.CharSequence)" because "browsername" is null
	at resources.Base.initializeDriver(Base.java:31)
	at MTAS.ValidateTitle.initialize(ValidateTitle.java:25)
	at java.base/java.util.concurrent.FutureTask.run(FutureTask.java:264)
	at java.base/java.util.concurrent.ThreadPoolExecutor.runWorker(ThreadPoolExecutor.java:1130)
	at java.base/java.util.concurrent.ThreadPoolExecutor$Worker.run(ThreadPoolExecutor.java:630)
	at java.base/java.lang.Thread.run(Thread.java:831)
... Removed 14 stack frames]]>
    </failure>
  </testcase> <!-- @BeforeTest initialize -->
  <testcase classname="MTAS.ValidateTitle" name="@AfterTest closeBrowser" time="0.0">
    <skipped/>
  </testcase> <!-- @AfterTest closeBrowser -->
  <testcase classname="MTAS.ValidateTitle" name="basePagenavigation" time="0.036">
    <skipped/>
  </testcase> <!-- basePagenavigation -->
  <testcase classname="MTAS.ValidateTitle" name="validateHeader" time="0.005">
    <skipped/>
  </testcase> <!-- validateHeader -->
</testsuite> <!-- Vaidating Title in the Homepage -->
